2022-01-17 19:44:25,799 INFO com.app.OrderService [main] Order Service is started.........
2022-01-17 19:44:26,091 INFO com.app.OrderService [restartedMain] Order Service is started.........
2022-01-17 19:44:27,344 INFO com.app.OrderService [restartedMain] The following profiles are active: prod
2022-01-17 19:44:30,371 ERROR org.springframework.boot.diagnostics.LoggingFailureAnalysisReporter [restartedMain] 

***************************
APPLICATION FAILED TO START
***************************

Description:

Failed to configure a DataSource: 'url' attribute is not specified and no embedded datasource could be configured.

Reason: Failed to determine a suitable driver class


Action:

Consider the following:
	If you want an embedded database (H2, HSQL or Derby), please put it on the classpath.
	If you have database settings to be loaded from a particular profile you may need to activate it (the profiles prod are currently active).

2022-01-17 19:46:07,303 INFO com.app.OrderService [main] Order Service is started.........
2022-01-17 19:46:07,669 INFO com.app.OrderService [restartedMain] Order Service is started.........
2022-01-17 19:46:09,598 INFO com.app.OrderService [restartedMain] The following profiles are active: prod
2022-01-17 19:46:12,885 ERROR org.springframework.boot.diagnostics.LoggingFailureAnalysisReporter [restartedMain] 

***************************
APPLICATION FAILED TO START
***************************

Description:

Failed to configure a DataSource: 'url' attribute is not specified and no embedded datasource could be configured.

Reason: Failed to determine a suitable driver class


Action:

Consider the following:
	If you want an embedded database (H2, HSQL or Derby), please put it on the classpath.
	If you have database settings to be loaded from a particular profile you may need to activate it (the profiles prod are currently active).

